nohup: ignoring input
训练...
training on  cuda:3
epoch 1, loss 0.3812, train acc 0.8726, test acc 0.9125, time 194.0 sec
find best! save at model/best.pth
epoch 2, loss 0.2112, train acc 0.9255, test acc 0.9222, time 192.7 sec
find best! save at model/best.pth
epoch 3, loss 0.1737, train acc 0.9389, test acc 0.9288, time 187.0 sec
find best! save at model/best.pth
epoch 4, loss 0.1478, train acc 0.9481, test acc 0.9346, time 190.8 sec
find best! save at model/best.pth
epoch 5, loss 0.1281, train acc 0.9547, test acc 0.9396, time 197.6 sec
find best! save at model/best.pth
epoch 6, loss 0.1109, train acc 0.9615, test acc 0.9365, time 191.9 sec
epoch 7, loss 0.0961, train acc 0.9667, test acc 0.9389, time 186.6 sec
epoch 8, loss 0.0841, train acc 0.9716, test acc 0.9356, time 198.1 sec
epoch 9, loss 0.0739, train acc 0.9751, test acc 0.9406, time 196.5 sec
find best! save at model/best.pth
epoch 10, loss 0.0602, train acc 0.9799, test acc 0.9389, time 193.0 sec
epoch 11, loss 0.0524, train acc 0.9831, test acc 0.9423, time 185.0 sec
find best! save at model/best.pth
epoch 12, loss 0.0415, train acc 0.9870, test acc 0.9415, time 196.6 sec
epoch 13, loss 0.0337, train acc 0.9901, test acc 0.9417, time 189.2 sec
epoch 14, loss 0.0300, train acc 0.9911, test acc 0.9421, time 191.4 sec
epoch 15, loss 0.0245, train acc 0.9928, test acc 0.9411, time 189.3 sec
epoch 16, loss 0.0208, train acc 0.9941, test acc 0.9429, time 192.2 sec
find best! save at model/best.pth
epoch 17, loss 0.0160, train acc 0.9962, test acc 0.9458, time 191.7 sec
find best! save at model/best.pth
epoch 18, loss 0.0120, train acc 0.9975, test acc 0.9431, time 189.3 sec
epoch 19, loss 0.0092, train acc 0.9984, test acc 0.9443, time 187.0 sec
epoch 20, loss 0.0101, train acc 0.9977, test acc 0.9463, time 184.3 sec
find best! save at model/best.pth
epoch 21, loss 0.0084, train acc 0.9983, test acc 0.9451, time 194.4 sec
epoch 22, loss 0.0072, train acc 0.9985, test acc 0.9446, time 191.7 sec
epoch 23, loss 0.0071, train acc 0.9985, test acc 0.9475, time 193.2 sec
find best! save at model/best.pth
epoch 24, loss 0.0064, train acc 0.9988, test acc 0.9458, time 191.5 sec
epoch 25, loss 0.0058, train acc 0.9990, test acc 0.9449, time 193.7 sec
epoch 26, loss 0.0047, train acc 0.9991, test acc 0.9483, time 200.2 sec
find best! save at model/best.pth
epoch 27, loss 0.0040, train acc 0.9994, test acc 0.9440, time 204.5 sec
epoch 28, loss 0.0041, train acc 0.9994, test acc 0.9480, time 191.2 sec
epoch 29, loss 0.0030, train acc 0.9998, test acc 0.9482, time 194.3 sec
epoch 30, loss 0.0029, train acc 0.9996, test acc 0.9477, time 189.9 sec
epoch 31, loss 0.0021, train acc 0.9999, test acc 0.9485, time 195.1 sec
find best! save at model/best.pth
epoch 32, loss 0.0019, train acc 0.9999, test acc 0.9472, time 190.0 sec
epoch 33, loss 0.0019, train acc 0.9998, test acc 0.9469, time 188.4 sec
epoch 34, loss 0.0017, train acc 0.9999, test acc 0.9487, time 195.1 sec
find best! save at model/best.pth
epoch 35, loss 0.0017, train acc 0.9999, test acc 0.9478, time 193.3 sec
epoch 36, loss 0.0017, train acc 0.9999, test acc 0.9474, time 187.3 sec
epoch 37, loss 0.0015, train acc 0.9999, test acc 0.9480, time 194.0 sec
epoch 38, loss 0.0012, train acc 1.0000, test acc 0.9477, time 190.3 sec
epoch 39, loss 0.0010, train acc 1.0000, test acc 0.9486, time 192.7 sec
epoch 40, loss 0.0011, train acc 1.0000, test acc 0.9486, time 200.1 sec
epoch 41, loss 0.0011, train acc 1.0000, test acc 0.9487, time 192.0 sec
epoch 42, loss 0.0011, train acc 1.0000, test acc 0.9503, time 195.9 sec
find best! save at model/best.pth
epoch 43, loss 0.0011, train acc 1.0000, test acc 0.9490, time 192.6 sec
epoch 44, loss 0.0010, train acc 1.0000, test acc 0.9498, time 196.2 sec
epoch 45, loss 0.0010, train acc 1.0000, test acc 0.9499, time 186.3 sec
epoch 46, loss 0.0017, train acc 0.9998, test acc 0.9479, time 189.3 sec
epoch 47, loss 0.0014, train acc 0.9999, test acc 0.9489, time 198.2 sec
epoch 48, loss 0.0010, train acc 1.0000, test acc 0.9492, time 193.3 sec
epoch 49, loss 0.0009, train acc 1.0000, test acc 0.9497, time 186.9 sec
epoch 50, loss 0.0009, train acc 1.0000, test acc 0.9479, time 188.3 sec
epoch 51, loss 0.0009, train acc 1.0000, test acc 0.9491, time 189.9 sec
epoch 52, loss 0.0009, train acc 1.0000, test acc 0.9490, time 184.8 sec
epoch 53, loss 0.0008, train acc 1.0000, test acc 0.9503, time 193.0 sec
epoch 54, loss 0.0008, train acc 1.0000, test acc 0.9492, time 187.2 sec
epoch 55, loss 0.0008, train acc 1.0000, test acc 0.9495, time 188.6 sec
epoch 56, loss 0.0008, train acc 1.0000, test acc 0.9500, time 188.6 sec
epoch 57, loss 0.0009, train acc 1.0000, test acc 0.9500, time 185.3 sec
epoch 58, loss 0.0008, train acc 1.0000, test acc 0.9499, time 188.7 sec
epoch 59, loss 0.0008, train acc 1.0000, test acc 0.9488, time 198.0 sec
epoch 60, loss 0.0008, train acc 1.0000, test acc 0.9496, time 196.2 sec
epoch 61, loss 0.0008, train acc 1.0000, test acc 0.9478, time 193.5 sec
epoch 62, loss 0.0008, train acc 1.0000, test acc 0.9508, time 197.8 sec
find best! save at model/best.pth
epoch 63, loss 0.0008, train acc 1.0000, test acc 0.9490, time 196.5 sec
epoch 64, loss 0.0008, train acc 1.0000, test acc 0.9495, time 189.6 sec
epoch 65, loss 0.0008, train acc 1.0000, test acc 0.9494, time 196.3 sec
epoch 66, loss 0.0008, train acc 1.0000, test acc 0.9500, time 196.3 sec
epoch 67, loss 0.0007, train acc 1.0000, test acc 0.9502, time 190.1 sec
epoch 68, loss 0.0008, train acc 1.0000, test acc 0.9503, time 194.9 sec
epoch 69, loss 0.0008, train acc 1.0000, test acc 0.9502, time 189.4 sec
epoch 70, loss 0.0007, train acc 1.0000, test acc 0.9499, time 189.6 sec
epoch 71, loss 0.0007, train acc 1.0000, test acc 0.9498, time 192.5 sec
epoch 72, loss 0.0007, train acc 1.0000, test acc 0.9493, time 192.4 sec
epoch 73, loss 0.0008, train acc 1.0000, test acc 0.9477, time 192.7 sec
epoch 74, loss 0.0009, train acc 1.0000, test acc 0.9477, time 193.9 sec
epoch 75, loss 0.0008, train acc 1.0000, test acc 0.9497, time 181.1 sec
epoch 76, loss 0.0008, train acc 1.0000, test acc 0.9493, time 202.6 sec
epoch 77, loss 0.0008, train acc 1.0000, test acc 0.9499, time 192.1 sec
epoch 78, loss 0.0008, train acc 1.0000, test acc 0.9505, time 190.3 sec
epoch 79, loss 0.0008, train acc 1.0000, test acc 0.9495, time 178.9 sec
epoch 80, loss 0.0007, train acc 1.0000, test acc 0.9490, time 182.3 sec
epoch 81, loss 0.0007, train acc 1.0000, test acc 0.9496, time 197.0 sec
epoch 82, loss 0.0008, train acc 1.0000, test acc 0.9503, time 196.6 sec
epoch 83, loss 0.0009, train acc 1.0000, test acc 0.9495, time 179.5 sec
epoch 84, loss 0.0008, train acc 1.0000, test acc 0.9483, time 204.7 sec
epoch 85, loss 0.0009, train acc 1.0000, test acc 0.9490, time 180.6 sec
epoch 86, loss 0.0008, train acc 1.0000, test acc 0.9489, time 197.7 sec
epoch 87, loss 0.0009, train acc 1.0000, test acc 0.9479, time 187.2 sec
epoch 88, loss 0.0008, train acc 1.0000, test acc 0.9498, time 188.7 sec
epoch 89, loss 0.0008, train acc 1.0000, test acc 0.9503, time 188.6 sec
epoch 90, loss 0.0056, train acc 0.9987, test acc 0.9326, time 194.0 sec
epoch 91, loss 0.0533, train acc 0.9811, test acc 0.9365, time 188.4 sec
epoch 92, loss 0.0288, train acc 0.9906, test acc 0.9384, time 189.6 sec
epoch 93, loss 0.0197, train acc 0.9938, test acc 0.9415, time 187.0 sec
epoch 94, loss 0.0159, train acc 0.9953, test acc 0.9391, time 191.4 sec
epoch 95, loss 0.0119, train acc 0.9968, test acc 0.9415, time 192.9 sec
epoch 96, loss 0.0078, train acc 0.9983, test acc 0.9455, time 191.5 sec
epoch 97, loss 0.0091, train acc 0.9976, test acc 0.9428, time 190.2 sec
epoch 98, loss 0.0074, train acc 0.9981, test acc 0.9497, time 190.7 sec
epoch 99, loss 0.0063, train acc 0.9985, test acc 0.9445, time 189.6 sec
epoch 100, loss 0.0053, train acc 0.9989, test acc 0.9413, time 192.5 sec
epoch 101, loss 0.0028, train acc 0.9996, test acc 0.9498, time 194.2 sec
epoch 102, loss 0.0022, train acc 0.9998, test acc 0.9487, time 191.7 sec
epoch 103, loss 0.0026, train acc 0.9997, test acc 0.9493, time 191.0 sec
epoch 104, loss 0.0015, train acc 1.0000, test acc 0.9504, time 183.3 sec
epoch 105, loss 0.0012, train acc 0.9999, test acc 0.9492, time 185.5 sec
epoch 106, loss 0.0010, train acc 1.0000, test acc 0.9504, time 200.3 sec
epoch 107, loss 0.0009, train acc 1.0000, test acc 0.9518, time 190.6 sec
find best! save at model/best.pth
epoch 108, loss 0.0008, train acc 1.0000, test acc 0.9509, time 190.8 sec
epoch 109, loss 0.0007, train acc 1.0000, test acc 0.9501, time 184.0 sec
epoch 110, loss 0.0006, train acc 1.0000, test acc 0.9508, time 197.5 sec
epoch 111, loss 0.0006, train acc 1.0000, test acc 0.9504, time 193.9 sec
epoch 112, loss 0.0006, train acc 1.0000, test acc 0.9509, time 190.5 sec
epoch 113, loss 0.0006, train acc 1.0000, test acc 0.9512, time 189.4 sec
epoch 114, loss 0.0006, train acc 1.0000, test acc 0.9528, time 186.4 sec
find best! save at model/best.pth
epoch 115, loss 0.0006, train acc 1.0000, test acc 0.9519, time 188.3 sec
epoch 116, loss 0.0006, train acc 1.0000, test acc 0.9518, time 187.5 sec
epoch 117, loss 0.0006, train acc 1.0000, test acc 0.9519, time 180.9 sec
epoch 118, loss 0.0007, train acc 1.0000, test acc 0.9513, time 183.6 sec
epoch 119, loss 0.0006, train acc 1.0000, test acc 0.9519, time 185.0 sec
epoch 120, loss 0.0006, train acc 1.0000, test acc 0.9517, time 200.1 sec
epoch 121, loss 0.0006, train acc 1.0000, test acc 0.9514, time 192.0 sec
epoch 122, loss 0.0006, train acc 1.0000, test acc 0.9511, time 191.6 sec
epoch 123, loss 0.0006, train acc 1.0000, test acc 0.9512, time 197.6 sec
epoch 124, loss 0.0006, train acc 1.0000, test acc 0.9519, time 190.6 sec
epoch 125, loss 0.0006, train acc 1.0000, test acc 0.9507, time 192.6 sec
epoch 126, loss 0.0006, train acc 1.0000, test acc 0.9507, time 187.8 sec
epoch 127, loss 0.0006, train acc 1.0000, test acc 0.9513, time 188.5 sec
epoch 128, loss 0.0006, train acc 1.0000, test acc 0.9503, time 188.6 sec
epoch 129, loss 0.0006, train acc 1.0000, test acc 0.9502, time 182.1 sec
epoch 130, loss 0.0006, train acc 1.0000, test acc 0.9499, time 199.3 sec
epoch 131, loss 0.0006, train acc 1.0000, test acc 0.9497, time 191.7 sec
epoch 132, loss 0.0006, train acc 1.0000, test acc 0.9503, time 185.4 sec
epoch 133, loss 0.0006, train acc 1.0000, test acc 0.9500, time 190.9 sec
epoch 134, loss 0.0006, train acc 1.0000, test acc 0.9497, time 180.2 sec
epoch 135, loss 0.0006, train acc 1.0000, test acc 0.9504, time 189.1 sec
epoch 136, loss 0.0006, train acc 1.0000, test acc 0.9509, time 186.8 sec
epoch 137, loss 0.0006, train acc 1.0000, test acc 0.9496, time 191.8 sec
epoch 138, loss 0.0007, train acc 1.0000, test acc 0.9501, time 185.4 sec
epoch 139, loss 0.0006, train acc 1.0000, test acc 0.9498, time 192.2 sec
epoch 140, loss 0.0006, train acc 1.0000, test acc 0.9503, time 191.0 sec
epoch 141, loss 0.0006, train acc 1.0000, test acc 0.9500, time 186.9 sec
epoch 142, loss 0.0006, train acc 1.0000, test acc 0.9507, time 188.6 sec
epoch 143, loss 0.0006, train acc 1.0000, test acc 0.9509, time 189.0 sec
epoch 144, loss 0.0007, train acc 1.0000, test acc 0.9500, time 190.6 sec
epoch 145, loss 0.0006, train acc 1.0000, test acc 0.9504, time 193.1 sec
epoch 146, loss 0.0006, train acc 1.0000, test acc 0.9499, time 186.1 sec
epoch 147, loss 0.0007, train acc 1.0000, test acc 0.9508, time 188.8 sec
epoch 148, loss 0.0007, train acc 1.0000, test acc 0.9507, time 187.8 sec
epoch 149, loss 0.0007, train acc 1.0000, test acc 0.9504, time 183.3 sec
epoch 150, loss 0.0007, train acc 1.0000, test acc 0.9505, time 185.4 sec
epoch 151, loss 0.0007, train acc 1.0000, test acc 0.9506, time 189.4 sec
epoch 152, loss 0.0006, train acc 1.0000, test acc 0.9500, time 191.7 sec
epoch 153, loss 0.0007, train acc 1.0000, test acc 0.9511, time 190.5 sec
epoch 154, loss 0.0007, train acc 1.0000, test acc 0.9510, time 195.5 sec
epoch 155, loss 0.0007, train acc 1.0000, test acc 0.9511, time 186.8 sec
epoch 156, loss 0.0007, train acc 1.0000, test acc 0.9507, time 187.0 sec
epoch 157, loss 0.0007, train acc 1.0000, test acc 0.9509, time 192.3 sec
epoch 158, loss 0.0007, train acc 1.0000, test acc 0.9501, time 187.1 sec
epoch 159, loss 0.0008, train acc 1.0000, test acc 0.9501, time 184.9 sec
epoch 160, loss 0.0007, train acc 1.0000, test acc 0.9510, time 189.9 sec
epoch 161, loss 0.0007, train acc 1.0000, test acc 0.9504, time 187.8 sec
epoch 162, loss 0.0007, train acc 1.0000, test acc 0.9501, time 191.0 sec
epoch 163, loss 0.0007, train acc 1.0000, test acc 0.9508, time 189.5 sec
epoch 164, loss 0.0007, train acc 1.0000, test acc 0.9511, time 189.7 sec
epoch 165, loss 0.0267, train acc 0.9916, test acc 0.9322, time 176.7 sec
epoch 166, loss 0.0578, train acc 0.9800, test acc 0.9396, time 184.3 sec
epoch 167, loss 0.0338, train acc 0.9892, test acc 0.9401, time 181.6 sec
epoch 168, loss 0.0235, train acc 0.9930, test acc 0.9439, time 177.4 sec
epoch 169, loss 0.0196, train acc 0.9943, test acc 0.9409, time 184.2 sec
epoch 170, loss 0.0199, train acc 0.9939, test acc 0.9477, time 175.6 sec
epoch 171, loss 0.0128, train acc 0.9967, test acc 0.9465, time 171.5 sec
epoch 172, loss 0.0121, train acc 0.9969, test acc 0.9461, time 174.5 sec
epoch 173, loss 0.0101, train acc 0.9974, test acc 0.9476, time 178.5 sec
epoch 174, loss 0.0059, train acc 0.9989, test acc 0.9474, time 172.6 sec
epoch 175, loss 0.0051, train acc 0.9990, test acc 0.9507, time 169.5 sec
epoch 176, loss 0.0043, train acc 0.9994, test acc 0.9510, time 172.8 sec
epoch 177, loss 0.0030, train acc 0.9995, test acc 0.9503, time 173.3 sec
epoch 178, loss 0.0019, train acc 0.9999, test acc 0.9515, time 175.5 sec
epoch 179, loss 0.0016, train acc 0.9999, test acc 0.9537, time 183.1 sec
find best! save at model/best.pth
epoch 180, loss 0.0011, train acc 1.0000, test acc 0.9547, time 173.8 sec
find best! save at model/best.pth
epoch 181, loss 0.0009, train acc 1.0000, test acc 0.9542, time 174.1 sec
epoch 182, loss 0.0008, train acc 1.0000, test acc 0.9537, time 177.0 sec
epoch 183, loss 0.0007, train acc 1.0000, test acc 0.9519, time 174.3 sec
epoch 184, loss 0.0007, train acc 1.0000, test acc 0.9531, time 177.2 sec
epoch 185, loss 0.0007, train acc 1.0000, test acc 0.9536, time 176.5 sec
epoch 186, loss 0.0006, train acc 1.0000, test acc 0.9538, time 176.9 sec
epoch 187, loss 0.0006, train acc 1.0000, test acc 0.9537, time 177.2 sec
epoch 188, loss 0.0007, train acc 1.0000, test acc 0.9536, time 175.0 sec
epoch 189, loss 0.0007, train acc 1.0000, test acc 0.9546, time 178.8 sec
epoch 190, loss 0.0006, train acc 1.0000, test acc 0.9544, time 176.5 sec
epoch 191, loss 0.0007, train acc 1.0000, test acc 0.9533, time 178.8 sec
epoch 192, loss 0.0006, train acc 1.0000, test acc 0.9532, time 175.1 sec
epoch 193, loss 0.0006, train acc 1.0000, test acc 0.9544, time 178.4 sec
epoch 194, loss 0.0006, train acc 1.0000, test acc 0.9536, time 173.6 sec
epoch 195, loss 0.0006, train acc 1.0000, test acc 0.9536, time 178.4 sec
epoch 196, loss 0.0006, train acc 1.0000, test acc 0.9529, time 175.5 sec
epoch 197, loss 0.0007, train acc 1.0000, test acc 0.9533, time 170.3 sec
epoch 198, loss 0.0006, train acc 1.0000, test acc 0.9536, time 157.1 sec
epoch 199, loss 0.0006, train acc 1.0000, test acc 0.9543, time 159.7 sec
epoch 200, loss 0.0006, train acc 1.0000, test acc 0.9539, time 155.0 sec
加载最优模型
inference测试集
生成提交结果文件
